
Showing logs for build [32mcb-kubecd-environment-pr-184-69-vqm2g-1[0m stage [32mfrom-build-pack[0m and container [32mstep-credential-initializer-xxq55[0m
{"level":"warn","ts":1584639338.377375,"logger":"fallback-logger","caller":"logging/config.go:69","msg":"Fetch GitHub commit ID from kodata failed: \"ref: refs/heads/0.8.0-**-support-backwards-incompats\" is not a valid GitHub commit ID"}
{"level":"info","ts":1584639338.3780763,"logger":"fallback-logger","caller":"creds-init/main.go:40","msg":"Credentials initialized."}

Showing logs for build [32mcb-kubecd-environment-pr-184-69-vqm2g-1[0m stage [32mfrom-build-pack[0m and container [32mstep-working-dir-initializer-d964g[0m
{"level":"warn","ts":1584639339.276276,"logger":"fallback-logger","caller":"logging/config.go:69","msg":"Fetch GitHub commit ID from kodata failed: open /var/run/ko/HEAD: no such file or directory"}
{"level":"info","ts":1584639339.2776146,"logger":"fallback-logger","caller":"bash/main.go:64","msg":"Successfully executed command \"sh -c mkdir -p /workspace/source\"; output "}

Showing logs for build [32mcb-kubecd-environment-pr-184-69-vqm2g-1[0m stage [32mfrom-build-pack[0m and container [32mstep-place-tools[0m

Showing logs for build [32mcb-kubecd-environment-pr-184-69-vqm2g-1[0m stage [32mfrom-build-pack[0m and container [32mstep-git-source-cb-kubecd-environment-pr-184-69-vqm2g-6f5zw[0m
{"level":"warn","ts":1584639343.183063,"logger":"fallback-logger","caller":"logging/config.go:69","msg":"Fetch GitHub commit ID from kodata failed: \"ref: refs/heads/0.8.0-**-support-backwards-incompats\" is not a valid GitHub commit ID"}
{"level":"info","ts":1584639344.2369869,"logger":"fallback-logger","caller":"git/git.go:103","msg":"Successfully cloned https://github.com/cb-kubecd/environment-pr-184-69-boot-gke-staging.git @ master in path /workspace/source"}

Showing logs for build [32mcb-kubecd-environment-pr-184-69-vqm2g-1[0m stage [32mfrom-build-pack[0m and container [32mstep-git-merge[0m
Using SHAs from PULL_REFS=master:74a114df24955f468b8e7a20269ca90135987251,5:822e3429c5604acedf181ff50dfbe5bc084cd0c5
DEBUG: JX_LOG_LEVEL=error LC_ALL=C git fetch origin --unshallow 822e3429c5604acedf181ff50dfbe5bc084cd0c5: 74a114df24955f468b8e7a20269ca90135987251:
DEBUG: ran git fetch --unshallow origin 822e3429c5604acedf181ff50dfbe5bc084cd0c5: 74a114df24955f468b8e7a20269ca90135987251: in 
DEBUG: LC_ALL=C JX_LOG_LEVEL=error git branch
DEBUG: LC_ALL=C JX_LOG_LEVEL=error git checkout master
DEBUG: ran git checkout master in 
DEBUG: JX_LOG_LEVEL=error LC_ALL=C git reset --hard 74a114df24955f468b8e7a20269ca90135987251
DEBUG: ran git reset --hard 74a114df24955f468b8e7a20269ca90135987251 in 
DEBUG: JX_LOG_LEVEL=error LC_ALL=C git clean -fd .
DEBUG: ran clean --force -d . in 
DEBUG: LC_ALL=C JX_LOG_LEVEL=error git merge 822e3429c5604acedf181ff50dfbe5bc084cd0c5
DEBUG: ran git merge 822e3429c5604acedf181ff50dfbe5bc084cd0c5 in 
DEBUG: JX_LOG_LEVEL=error LC_ALL=C git log --format=%H%x1f%an%x1f%ae%x1f%cn%x1f%ce%x1f%s%n%b%x1e 74a114df24955f468b8e7a20269ca90135987251..HEAD
Merged SHA 822e3429c5604acedf181ff50dfbe5bc084cd0c5 with commit message 'chore: Promote bdd-sbrp-import-1584638992 to version 0.0.1' into base branch master

Showing logs for build [32mcb-kubecd-environment-pr-184-69-vqm2g-1[0m stage [32mfrom-build-pack[0m and container [32mstep-build-helm-build[0m
WARNING: No $CHART_REPOSITORY defined so using the default value of: http://jenkins-x-chartmuseum:8080
Adding missing Helm repo: storage.googleapis.com https://storage.googleapis.com/chartmuseum.jenkins-x.io
WARNING: No secrets found on "helm/repos" due: reading the secret "helm/repos" from vault: no secret "helm/repos" not found in vault
Read credentials for https://storage.googleapis.com/chartmuseum.jenkins-x.io from vault helm/repos
Successfully added Helm repository storage.googleapis.com.
Adding missing Helm repo: jenkins-x-chartmuseum http://jenkins-x-chartmuseum:8080
WARNING: No secrets found on "helm/repos" due: reading the secret "helm/repos" from vault: no secret "helm/repos" not found in vault
Read credentials for http://jenkins-x-chartmuseum:8080 from vault helm/repos
Successfully added Helm repository jenkins-x-chartmuseum.
WARNING: No $CHART_REPOSITORY defined so using the default value of: http://jenkins-x-chartmuseum:8080
Adding missing Helm repo: chartmuseum.jenkins-x.io http://chartmuseum.jenkins-x.io
WARNING: No secrets found on "helm/repos" due: reading the secret "helm/repos" from vault: no secret "helm/repos" not found in vault
Read credentials for http://chartmuseum.jenkins-x.io from vault helm/repos
Successfully added Helm repository chartmuseum.jenkins-x.io.
